[2019-01-29 08:49:00,107]BOT - INFO - DEBUG MODE: OFF
[2019-01-29 08:49:07,190]telegram.ext.updater - INFO - Received signal 2 (SIGINT), stopping...
[2019-01-29 08:49:43,585]BOT - INFO - DEBUG MODE: OFF
[2019-01-29 08:49:50,353]BOT - INFO - DEBUG MODE: OFF
[2019-01-29 08:49:59,369]telegram.ext.updater - INFO - Received signal 2 (SIGINT), stopping...
[2019-01-29 08:50:40,427]BOT - INFO - DEBUG MODE: OFF
Listening ...
[2019-01-29 08:50:47,770]telegram.ext.updater - INFO - Received signal 2 (SIGINT), stopping...
[2019-01-29 08:51:13,812]BOT - INFO - DEBUG MODE: %(red)sOFF
%(reset)sListening ...
[2019-01-29 08:51:15,953]telegram.ext.updater - INFO - Received signal 2 (SIGINT), stopping...
[2019-01-29 08:54:07,860]BOT - INFO - <colorlog.colorlog.ColoredFormatter object at 0x7f5771fb4860>
[2019-01-29 08:54:10,527]telegram.ext.updater - INFO - Received signal 2 (SIGINT), stopping...
[2019-01-29 08:55:36,017]BOT - INFO - DEBUG MODE: OFF
Listening ...
[2019-01-29 08:55:38,692]telegram.ext.updater - INFO - Received signal 2 (SIGINT), stopping...
[2019-01-29 08:57:45,528]BOT - INFO - DEBUG MODE: OFF[31m
Listening ...[0m
[2019-01-29 08:58:30,016]telegram.ext.updater - INFO - Received signal 2 (SIGINT), stopping...
[2019-01-29 08:58:32,804]BOT - INFO - [31mDEBUG MODE: [0mOFF[31m
Listening ...[0m
[2019-01-29 08:58:39,376]telegram.ext.updater - INFO - Received signal 2 (SIGINT), stopping...
[2019-01-29 09:03:28,282]BOT - INFO - [5m[31mDEBUG MODE: [0mOFF[31m
Listening ...[0m
[2019-01-29 09:03:32,696]telegram.ext.updater - INFO - Received signal 2 (SIGINT), stopping...
[2019-01-29 09:03:54,463]BOT - INFO - [7m[31mDEBUG MODE: [0mOFF[31m
Listening ...[0m
[2019-01-29 09:04:02,414]telegram.ext.updater - INFO - Received signal 2 (SIGINT), stopping...
[2019-01-29 09:04:23,821]BOT - INFO - DEBUG MODE: [7m[31mOFF[0m[31m
Listening ...[0m
[2019-01-29 09:04:35,683]telegram.ext.updater - INFO - Received signal 2 (SIGINT), stopping...
[2019-01-29 09:08:02,287]BOT - INFO - [4m[30mDEBUG MODE: [0m[7m[31mOFF[0m[4m[30m
Listening ...[0m
[2019-01-29 09:08:06,598]telegram.ext.updater - INFO - Received signal 2 (SIGINT), stopping...
[2019-01-29 09:08:28,819]BOT - INFO - [4m[35mDEBUG MODE: [0m[7m[31mOFF[0m[4m[35m
Listening ...[0m
[2019-01-29 09:08:36,789]telegram.ext.updater - INFO - Received signal 2 (SIGINT), stopping...
[2019-01-29 09:09:01,934]BOT - INFO - [4m[35mDEBUG MODE:[0m [7m[31mOFF[0m[4m[35m
Listening ...[0m
[2019-01-29 09:09:05,605]telegram.ext.updater - INFO - Received signal 2 (SIGINT), stopping...
[2019-01-29 09:09:23,867]BOT - INFO - [4m[36mDEBUG MODE:[0m [7m[31mOFF[0m[4m[36m
Listening ...[0m
[2019-01-29 09:09:25,464]telegram.ext.updater - INFO - Received signal 2 (SIGINT), stopping...
[2019-01-29 09:09:36,853]BOT - INFO - [4m[37mDEBUG MODE:[0m [7m[31mOFF[0m[4m[37m
Listening ...[0m
[2019-01-29 09:09:38,031]telegram.ext.updater - INFO - Received signal 2 (SIGINT), stopping...
[2019-01-29 09:13:49,659]BOT - INFO - [4m[8mDEBUG MODE:[0m [7m[31mOFF[0m[4m[8m
Listening ...[0m
[2019-01-29 09:13:58,636]telegram.ext.updater - INFO - Received signal 2 (SIGINT), stopping...
[2019-01-29 09:14:33,687]BOT - INFO - [4m[8mDEBUG MODE:[0m [7m[31mOFF[0m[4m[8m
Listening ...[0m
[2019-01-29 09:14:46,561]telegram.ext.updater - INFO - Received signal 2 (SIGINT), stopping...
[2019-01-29 09:15:09,848]BOT - INFO - [4m[8mDEBUG MODE:[0m [7m[31mOFF[0m[4m[8m
Listening ...[0m
[2019-01-29 09:15:18,340]telegram.ext.updater - INFO - Received signal 2 (SIGINT), stopping...
[2019-01-29 09:16:18,080]BOT - INFO - [4m[8mDEBUG MODE:[0m [7m[37mOFF[0m[4m[8m
Listening ...[0m
[2019-01-29 09:16:51,674]telegram.ext.updater - INFO - Received signal 2 (SIGINT), stopping...
[2019-01-29 09:16:53,432]BOT - INFO - [4m[8mDEBUG MODE:[0m [7m[37mOFF[0m[4m[8m
Listening ...[0m
[2019-01-29 09:16:55,460]telegram.ext.updater - INFO - Received signal 2 (SIGINT), stopping...
[2019-01-29 09:18:01,123]BOT - INFO - [32m[0m[4m[8mDEBUG MODE:[0m [7m[37mOFF[0m[4m[8m
Listening ...[0m
[2019-01-29 09:18:03,852]telegram.ext.updater - INFO - Received signal 2 (SIGINT), stopping...
[2019-01-29 09:38:32,509]BOT - INFO - [32m[0m[4m[8mDEBUG MODE:[0m  [7m[37m OFF [0m[4m[8m
Listening ...[0m
[2019-01-29 09:38:58,700]telegram.ext.updater - INFO - Received signal 2 (SIGINT), stopping...
[2019-01-29 09:40:28,315]BOT - INFO - [32m[0m[4m[8mDEBUG MODE:[0m  [7m[37m OFF [0m[4m[8m
Listening ...[0m
[2019-01-29 09:40:30,973]telegram.ext.updater - INFO - Received signal 2 (SIGINT), stopping...
